Arguments: 
  C:\Program Files\nodejs\node.exe C:\Users\litingwei@sunlands.com\AppData\Roaming\npm\node_modules\yarn\bin\yarn.js install

PATH: 
  C:\Windows\system32;C:\Windows;C:\Windows\System32\Wbem;C:\Windows\System32\WindowsPowerShell\v1.0\;C:\Program Files (x86)\NVIDIA Corporation\PhysX\Common;C:\Program Files\nodejs\;C:\Program Files\Git\cmd;C:\Program Files\VisualSVN Server\bin;C:\Program Files\TortoiseSVN\bin;C:\Users\litingwei@sunlands.com\AppData\Roaming\npm;D:\vscode\Microsoft VS Code\bin;D:\fiddler

Yarn version: 
  0.20.4

Node version: 
  8.11.1

Platform: 
  win32 x64

npm manifest: 
  {
    "name": "deskmark",
    "version": "1.0.0",
    "description": "an web markdown writer an docs manager based on indexeddb and build on React.",
    "main": "index.js",
    "scripts": {
      "build": "webpack",
      "start": "NODE_ENV=development webpack-dev-server --hot --inline",
      "start80": "webpack-dev-server",
      "test": "NODE_ENV=production mocha --compilers js:babel-core/register --require ignore-styles"
    },
    "directories": {
      "test": "test"
    },
    "keywords": [
      "javascript",
      "react",
      "markdown",
      "indexeddb",
      "webpack",
      "karma"
    ],
    "author": "vikingmute, island205",
    "license": "MIT",
    "homepage": "https://github.com/island205/deskmark#readme",
    "engines": {
      "node": ">=0.12.0"
    },
    "devDependencies": {
      "antd-mobile-demo-data": "^0.1.4",
      "babel-core": "^6.3.15",
      "babel-eslint": "^6.0.2",
      "babel-loader": "^6.2.0",
      "babel-plugin-import": "^1.1.1",
      "babel-plugin-transform-object-rest-spread": "^6.5.0",
      "babel-preset-es2015": "^6.3.13",
      "babel-preset-react": "^6.3.13",
      "babel-preset-react-hmre": "^1.1.1",
      "bootstrap": "^4.0.0-alpha.2",
      "chai": "^3.5.0",
      "css-loader": "^0.23.1",
      "enzyme": "^2.3.0",
      "eslint": "^2.7.0",
      "eslint-config-airbnb": "^6.2.0",
      "eslint-loader": "^1.3.0",
      "eslint-plugin-react": "^4.3.0",
      "expect": "^1.13.4",
      "extract-text-webpack-plugin": "^1.0.1",
      "file-loader": "^0.11.1",
      "html-webpack-plugin": "^2.21.0",
      "ignore-styles": "^2.0.0",
      "jsdom": "^9.8.3",
      "mocha": "^2.3.4",
      "node-sass": "^3.4.2",
      "rc-form": "^1.3.1",
      "react-addons-test-utils": "^15.0.1",
      "redbox-react": "^1.3.6",
      "sass-loader": "^3.1.2",
      "style-loader": "^0.13.0",
      "svg-sprite-loader": "^2.0.1",
      "url-loader": "^0.5.8",
      "uuid": "^2.0.1",
      "webpack": "^1.12.9",
      "webpack-dev-server": "^1.14.1"
    },
    "dependencies": {
      "antd-mobile": "^1.1.1",
      "babel-polyfill": "^6.6.1",
      "marked": "^0.3.5",
      "react": "^15.0.1",
      "react-dom": "^15.0.1",
      "react-native-cli": "^2.0.1"
    }
  }

yarn manifest: 
  No manifest

Lockfile: 
  No lockfile

Trace: 
  Error: ENOENT: no such file or directory, open 'F:\minePro\car-cloud-manage\node_modules\acorn-globals\node_modules\acorn\.npmignore'
